[m.kapanlagi.com/lirik/artis/gwen-stefani/ache/index.html]
[backblue.gif]
[fade.gif]
[index.html]
[cdns.klimg.com/kapanlagi.com/v5/i/channel/music/newlogokl-lirik.jpg]
[cdns.klimg.com/kapanlagi.com/v5/i/channel/apple-touch-icon.png]
[cdns.klimg.com/kapanlagi.com/v5/i/channel/apple-touch-icon-precomposed.png]
[cdns.klimg.com/kapanlagi.com/v5/i/channel/apple-touch-icon-114x114-precomposed.png]
[cdns.klimg.com/kapanlagi.com/v5/i/channel/apple-touch-icon-120x120-precomposed.png]
[cdns.klimg.com/kapanlagi.com/v5/i/channel/apple-touch-icon-152x152-precomposed.png]
[cdns.klimg.com/a.kapanlagi.com/v5/css/m2/1.18k/entertainment.css]
[cdns.klimg.com/a.kapanlagi.com/v5/js/m/1.18o/entertainment.js]
[static.criteo.net/js/ld/publishertag.js]
[www.google-analytics.com/analytics.js]
[m.kapanlagi.com/lirik/artis/gwen-stefani/ache/linkid.html]
[certify-js.alexametrics.com/atrk.js]
[certify.alexametrics.com/atrkac2a.gif]
[connect.facebook.net/en_US/fbevents.js]
[cdn.onesignal.com/sdks/OneSignalSDK.js]
[a.kapanlagi.com/v5/js/m-native-videos-v3589a.js]
[a.kapanlagi.com/v5/js/m/vendor/boostrap_2.js]
[cdns.klimg.com/kapanlagi.com/v5/m/i/assets/img/new-menu-icon.png]
[cdns.klimg.com/kapanlagi.com/v5/m/i/assets/img/logo/kllogo-mobile-entertainment-20200408.png]
[cdns.klimg.com/kapanlagi.com/v5/m/i/assets/img/new-search-icon.png]
[a.kapanlagi.com/v5/css/m2/update_navbar.css]
[a.kapanlagi.com/v5/js/m2/update_navbar.js]
[cdns.klimg.com/kapanlagi.com/v5/m/i/assets/img/close.png]
[cdns.klimg.com/kapanlagi.com/v5/m/i/assets/img/new-close-icon-red_rev3.png]
[a.kapanlagi.com/v5/m/css/n_m_menu_newlistb25b.css]
[a.kapanlagi.com/v5/js/m/pageloader.js]
[a.kapanlagi.com/v5/js/m/social.js]
[a.kapanlagi.com/v5/css/m/social.css]
[cdns.klimg.com/kapanlagi.com/v5/i/channel/entertainment/arrow-beri-komentar.png]
[cdns.klimg.com/kapanlagi.com/v5/m/i/assets/img/Back-To-Top-Grey.png]
[cdns.klimg.com/kapanlagi.com/v5/m/i/assets/img/up_circular-32.png]
[a.kapanlagi.com/v5/js/m/elementloader.js]
[d.infeed.id/resources/js/v0.0.2/infeed-init.js]
[m.kapanlagi.com/lirik/artis/gwen-stefani/ache/index.html]
[cdns.klimg.com/a.kapanlagi.com/v5/css/m2/1.18k/vfjallaone-regular-webfont.svg]
[cdns.klimg.com/a.kapanlagi.com/v5/css/m2/img/vimeo-play.png]
[cdns.klimg.com/a.kapanlagi.com/v5/css/m2/img/video-play.png]
[cdns.klimg.com/a.kapanlagi.com/v5/css/m2/img/youtube-play.png]
[cdns.klimg.com/kapanlagi.com/v5/m/i/assets/img/arrow-socbtt-16bit-v1.png]
[cdns.klimg.com/kapanlagi.com/v5/m/i/assets/img/fb-icon-2x.png]
[cdns.klimg.com/kapanlagi.com/v5/m/i/assets/img/tw-icon-2x.png]
[cdns.klimg.com/kapanlagi.com/v5/m/i/assets/img/wa-icon-2x.png]
[cdns.klimg.com/kapanlagi.com/v5/i/m/socialtabs/klshare16icon-facebook_75.png]
[cdns.klimg.com/kapanlagi.com/v5/i/m/socialtabs/klshare16icon-twitter_75.png]
[cdns.klimg.com/kapanlagi.com/v5/i/m/socialtabs/klshare16icon-gplus_75.png]
[cdns.klimg.com/kapanlagi.com/v5/i/m/socialtabs/klshare16icon-bbm_75.png]
[cdns.klimg.com/kapanlagi.com/v5/i/m/socialtabs/klshare16icon-whatsapp_75.png]
[cdns.klimg.com/kapanlagi.com/v5/i/m/left-arrow-2017.png]
[cdns.klimg.com/kapanlagi.com/v5/i/m/right-arrow-2017.png]
[cdns.klimg.com/kapanlagi.com/v5/m/i/assets/img/black-small-arrow.png]
[cdns.klimg.com/kapanlagi.com/v5/m/i/assets/img/panah-kanan.png]
[cdns.klimg.com/a.kapanlagi.com/v5/css/m2/1.18k/entertainment.css]
[m.kapanlagi.com/lirik/artis/gwen-stefani/ache/4Q_/index.html]
[m.kapanlagi.com/lirik/artis/gwen-stefani/ache/4Q_/mO.a9.48/gH/mO.html]
[m.kapanlagi.com/lirik/artis/gwen-stefani/ache/4Q_/4R.RR.48/RW/4n/1J/index6c7a.html]
[m.kapanlagi.com/NT/NX.js]
[m.kapanlagi.com/lirik/artis/gwen-stefani/ache/aw/index.html]
[m.kapanlagi.com/lirik/artis/gwen-stefani/ache/4Q_/a.9T.48/MU/index.html]
[m.kapanlagi.com/lirik/artis/gwen-stefani/ache/sK/index.html]
[m.kapanlagi.com/lirik/artis/gwen-stefani/ache/4Q_/a.9T.48/v5/js/m/RD/cZ.4M.html]
[cdns.klimg.com/a.kapanlagi.com/v5/js/m/1.18o/entertainment.js]
[www.googletagmanager.com/gtm5445.html]
[lirik.kapanlagi.com/artis/gwen-stefani/ache/linkid.3b.delayed]
[m.kapanlagi.com/lirik/artis/gwen-stefani/ache/linkid.html]
[connect.facebook.net/en_US/fbevents.js]
[a.kapanlagi.com/v5/css/m2/update_navbar.css]
[m.kapanlagi.com/lirik/artis/gwen-stefani/ache/POST.html]
[cdns.klimg.com/kapanlagi.com/v5/m/i/assets/img/new_tag_menulist3.png]
[a.kapanlagi.com/v5/m/css/n_m_menu_newlistb25b.css]
[cdns.klimg.com/kapanlagi.com/v5/i/channel/entertainment/v7/ajaxloader-horizontal-small-orange.gif]
[a.kapanlagi.com/v5/css/m2/pageloader.css]
[a.kapanlagi.com/v5/css/m/social.css]
[beacon.krxd.net/eventf42f.html]
[cdns.klimg.com/a.kapanlagi.com/v5/css/m2/1.18k/vfjallaone-regular-webfont.css]
[cdns.klimg.com/a.kapanlagi.com/v5/css/m2/img/vimeo-play.css]
[cdns.klimg.com/a.kapanlagi.com/v5/css/m2/img/video-play.css]
[cdns.klimg.com/a.kapanlagi.com/v5/css/m2/img/youtube-play.css]
[m.kapanlagi.com/lirik/artis/gwen-stefani/ache/4Q_/index.html]
[m.kapanlagi.com/lirik/artis/gwen-stefani/ache/4Q_/linkid.html]
[lirik.kapanlagi.com/artis/gwen-stefani/ache/4q_/mo.a9.48/gh/mo.41.delayed]
[m.kapanlagi.com/lirik/artis/gwen-stefani/ache/4Q_/mO.a9.48/gH/linkid.html]
[m.kapanlagi.com/lirik/artis/gwen-stefani/ache/4Q_/mO.a9.48/gH/mO.html]
[m.kapanlagi.com/lirik/artis/gwen-stefani/ache/4Q_/4R.RR.48/RW/4n/1J/index6c7a.html]
[m.kapanlagi.com/lirik/artis/gwen-stefani/ache/4Q_/4R.RR.48/RW/4n/1J/linkid.html]
[m.kapanlagi.com/lirik/artis/gwen-stefani/ache/sK/index.html]
[m.kapanlagi.com/lirik/artis/gwen-stefani/ache/sK/linkid.html]
[m.kapanlagi.com/lirik/artis/gwen-stefani/ache/aw/index.html]
[m.kapanlagi.com/lirik/artis/gwen-stefani/ache/aw/linkid.html]
[m.kapanlagi.com/lirik/artis/gwen-stefani/ache/4Q_/a.9T.48/MU/index.html]
[m.kapanlagi.com/NT/NX.html]
[m.kapanlagi.com/lirik/artis/gwen-stefani/ache/4Q_/a.9T.48/MU/linkid.html]
[lirik.kapanlagi.com/artis/gwen-stefani/ache/4q_/a.9t.48/v5/js/m/rd/cz.4m.js]
[m.kapanlagi.com/lirik/artis/gwen-stefani/ache/4Q_/a.9T.48/v5/js/m/RD/linkid.html]
[m.kapanlagi.com/lirik/artis/gwen-stefani/ache/4Q_/a.9T.48/v5/js/m/RD/cZ.4M.html]
[lirik.kapanlagi.com/artis/gwen-stefani/ache/linkid.html]
[d.kapanlaginetwork.com/mgaa2df.html]
[m.kapanlagi.com/lirik/artis/gwen-stefani/ache/POST.html]
[lirik.kapanlagi.com/artis/gwen-stefani/ache/4q_/linkid.4b.delayed]
[m.kapanlagi.com/lirik/artis/gwen-stefani/ache/4Q_/linkid.html]
[lirik.kapanlagi.com/artis/gwen-stefani/ache/4q_/mo.a9.48/gh/mo.html]
[lirik.kapanlagi.com/artis/gwen-stefani/ache/4q_/mo.a9.48/gh/linkid.js]
[m.kapanlagi.com/lirik/artis/gwen-stefani/ache/4Q_/mO.a9.48/gH/linkid.html]
[d.kapanlaginetwork.com/mga2199.html]
[lirik.kapanlagi.com/artis/gwen-stefani/ache/4q_/4r.rr.48/rw/4n/1j/linkid.4f.delayed]
[m.kapanlagi.com/lirik/artis/gwen-stefani/ache/4Q_/4R.RR.48/RW/4n/1J/linkid.html]
[lirik.kapanlagi.com/artis/gwen-stefani/ache/sk/linkid.51.delayed]
[m.kapanlagi.com/lirik/artis/gwen-stefani/ache/sK/linkid.html]
[lirik.kapanlagi.com/artis/gwen-stefani/ache/aw/linkid.js]
[m.kapanlagi.com/lirik/artis/gwen-stefani/ache/aw/linkid.html]
[lirik.kapanlagi.com/artis/gwen-stefani/ache/4q_/a.9t.48/mu/linkid.js]
[m.kapanlagi.com/lirik/artis/gwen-stefani/ache/4Q_/a.9T.48/MU/linkid.html]
[lirik.kapanlagi.com/artis/gwen-stefani/ache/4q_/a.9t.48/v5/js/m/rd/cz.4m.html]
[lirik.kapanlagi.com/artis/gwen-stefani/ache/4q_/a.9t.48/v5/js/m/rd/linkid.57.delayed]
[m.kapanlagi.com/lirik/artis/gwen-stefani/ache/4Q_/a.9T.48/v5/js/m/RD/linkid.html]
[d.kapanlaginetwork.com/mga3be5.html]
[lirik.kapanlagi.com/artis/gwen-stefani/ache/4q_/linkid.html]
[d.kapanlaginetwork.com/mga9c27.html]
[lirik.kapanlagi.com/artis/gwen-stefani/ache/4q_/mo.a9.48/gh/linkid.html]
[d.kapanlaginetwork.com/mga07d3.html]
[lirik.kapanlagi.com/artis/gwen-stefani/ache/4q_/4r.rr.48/rw/4n/1j/linkid.html]
[d.kapanlaginetwork.com/mga685f.html]
[lirik.kapanlagi.com/artis/gwen-stefani/ache/sk/linkid.html]
[d.kapanlaginetwork.com/mga4246.html]
[lirik.kapanlagi.com/artis/gwen-stefani/ache/aw/linkid.html]
[d.kapanlaginetwork.com/mga95e5.html]
[lirik.kapanlagi.com/artis/gwen-stefani/ache/4q_/a.9t.48/mu/linkid.html]
[d.kapanlaginetwork.com/mga0af5.html]
[lirik.kapanlagi.com/artis/gwen-stefani/ache/4q_/a.9t.48/v5/js/m/rd/linkid.html]
[d.kapanlaginetwork.com/mga7ee2.html]
